<?xml version="1.0" encoding="UTF-8"?>
<testng-results skipped="0" failed="0" ignored="0" total="1" passed="1">
  <reporter-output>
  </reporter-output>
  <suite name="Default suite" duration-ms="3312" started-at="2023-10-08T01:36:03Z" finished-at="2023-10-08T01:36:06Z">
    <groups>
    </groups>
    <test name="Default test" duration-ms="3312" started-at="2023-10-08T01:36:03Z" finished-at="2023-10-08T01:36:06Z">
      <class name="com.fev.gitJenkins.App">
        <test-method status="PASS" signature="Login()[pri:1, instance:com.fev.gitJenkins.App@5e5792a0]" name="Login" duration-ms="3264" started-at="2023-10-08T01:36:03Z" finished-at="2023-10-08T01:36:06Z">
          <reporter-output>
          </reporter-output>
        </test-method> <!-- Login -->
      </class> <!-- com.fev.gitJenkins.App -->
    </test> <!-- Default test -->
  </suite> <!-- Default suite -->
</testng-results>
